<?xml version="1.0" encoding="UTF-8"?>
<!-- Generated by org.testng.reporters.JUnitXMLReporter -->
<testsuite ignored="0" hostname="fadevpc3" failures="0" tests="2" name="Default test" time="0.015" errors="0" timestamp="2023-08-03T15:59:14 IST">
  <testcase classname="utility.RecentlyPlayedSongsStoreTest" name="testRecentlyPlayedSongs" time="0.003"/>
  <testcase classname="utility.RecentlyPlayedSongsStoreTest" name="testRecentlyPlayedSongsUser2" time="0.001"/>
</testsuite> <!-- Default test -->
