<?xml version="1.0" encoding="UTF-8"?>
<testng-results ignored="0" total="2" passed="2" failed="0" skipped="0">
  <reporter-output>
  </reporter-output>
  <suite started-at="2023-08-03T16:00:03 IST" name="Suite" finished-at="2023-08-03T16:00:03 IST" duration-ms="16">
    <groups>
    </groups>
    <test started-at="2023-08-03T16:00:03 IST" name="Test" finished-at="2023-08-03T16:00:03 IST" duration-ms="16">
      <class name="utility.RecentlyPlayedSongsStoreTest">
        <test-method is-config="true" signature="tearDown()[pri:0, instance:utility.RecentlyPlayedSongsStoreTest@3059cbc]" started-at="2023-08-03T16:00:03 IST" name="tearDown" finished-at="2023-08-03T16:00:03 IST" duration-ms="3" status="PASS">
          <reporter-output>
          </reporter-output>
        </test-method> <!-- tearDown -->
        <test-method is-config="true" signature="setUp()[pri:0, instance:utility.RecentlyPlayedSongsStoreTest@3059cbc]" started-at="2023-08-03T16:00:03 IST" name="setUp" finished-at="2023-08-03T16:00:03 IST" duration-ms="0" status="PASS">
          <reporter-output>
          </reporter-output>
        </test-method> <!-- setUp -->
        <test-method signature="testRecentlyPlayedSongs()[pri:0, instance:utility.RecentlyPlayedSongsStoreTest@3059cbc]" started-at="2023-08-03T16:00:03 IST" name="testRecentlyPlayedSongs" finished-at="2023-08-03T16:00:03 IST" duration-ms="2" status="PASS">
          <reporter-output>
          </reporter-output>
        </test-method> <!-- testRecentlyPlayedSongs -->
        <test-method is-config="true" signature="setUp()[pri:0, instance:utility.RecentlyPlayedSongsStoreTest@3059cbc]" started-at="2023-08-03T16:00:03 IST" name="setUp" finished-at="2023-08-03T16:00:03 IST" duration-ms="0" status="PASS">
          <reporter-output>
          </reporter-output>
        </test-method> <!-- setUp -->
        <test-method is-config="true" signature="tearDown()[pri:0, instance:utility.RecentlyPlayedSongsStoreTest@3059cbc]" started-at="2023-08-03T16:00:03 IST" name="tearDown" finished-at="2023-08-03T16:00:03 IST" duration-ms="0" status="PASS">
          <reporter-output>
          </reporter-output>
        </test-method> <!-- tearDown -->
        <test-method signature="testRecentlyPlayedSongsUser2()[pri:0, instance:utility.RecentlyPlayedSongsStoreTest@3059cbc]" started-at="2023-08-03T16:00:03 IST" name="testRecentlyPlayedSongsUser2" finished-at="2023-08-03T16:00:03 IST" duration-ms="0" status="PASS">
          <reporter-output>
          </reporter-output>
        </test-method> <!-- testRecentlyPlayedSongsUser2 -->
        <test-method is-config="true" signature="setUp()[pri:0, instance:utility.RecentlyPlayedSongsStoreTest@3059cbc]" started-at="2023-08-03T16:00:03 IST" name="setUp" finished-at="2023-08-03T16:00:03 IST" duration-ms="0" status="PASS">
          <reporter-output>
          </reporter-output>
        </test-method> <!-- setUp -->
        <test-method is-config="true" signature="tearDown()[pri:0, instance:utility.RecentlyPlayedSongsStoreTest@3059cbc]" started-at="2023-08-03T16:00:03 IST" name="tearDown" finished-at="2023-08-03T16:00:03 IST" duration-ms="0" status="PASS">
          <reporter-output>
          </reporter-output>
        </test-method> <!-- tearDown -->
      </class> <!-- utility.RecentlyPlayedSongsStoreTest -->
    </test> <!-- Test -->
  </suite> <!-- Suite -->
</testng-results>
